2019-05-04 13:49:02.528  INFO 1612 --- [main] c.z.p.b.PetfamilyGeneralApplication      : Starting PetfamilyGeneralApplication on zhangyuruideMacBook-Pro.local with PID 1612 (/Users/zyd/IdealliJProjects/petfamily/petfamily-general/target/classes started by zyd in /Users/zyd/IdealliJProjects/petfamily)
2019-05-04 13:49:02.533 DEBUG 1612 --- [main] c.z.p.b.PetfamilyGeneralApplication      : Running with Spring Boot v2.1.4.RELEASE, Spring v5.1.6.RELEASE
2019-05-04 13:49:02.534  INFO 1612 --- [main] c.z.p.b.PetfamilyGeneralApplication      : No active profile set, falling back to default profiles: default
2019-05-04 13:49:03.498  INFO 1612 --- [main] .s.d.r.c.RepositoryConfigurationDelegate : Multiple Spring Data modules found, entering strict repository configuration mode!
2019-05-04 13:49:03.501  INFO 1612 --- [main] .s.d.r.c.RepositoryConfigurationDelegate : Bootstrapping Spring Data repositories in DEFAULT mode.
2019-05-04 13:49:03.536  INFO 1612 --- [main] .s.d.r.c.RepositoryConfigurationDelegate : Finished Spring Data repository scanning in 13ms. Found 0 repository interfaces.
2019-05-04 13:49:03.988  INFO 1612 --- [main] trationDelegate$BeanPostProcessorChecker : Bean 'org.springframework.transaction.annotation.ProxyTransactionManagementConfiguration' of type [org.springframework.transaction.annotation.ProxyTransactionManagementConfiguration$$EnhancerBySpringCGLIB$$a21bb17a] is not eligible for getting processed by all BeanPostProcessors (for example: not eligible for auto-proxying)
2019-05-04 13:49:04.385  INFO 1612 --- [main] o.s.b.w.embedded.tomcat.TomcatWebServer  : Tomcat initialized with port(s): 8080 (http)
2019-05-04 13:49:04.416  INFO 1612 --- [main] o.apache.catalina.core.StandardService   : Starting service [Tomcat]
2019-05-04 13:49:04.417  INFO 1612 --- [main] org.apache.catalina.core.StandardEngine  : Starting Servlet engine: [Apache Tomcat/9.0.17]
2019-05-04 13:49:04.537  INFO 1612 --- [main] o.a.c.c.C.[Tomcat].[localhost].[/]       : Initializing Spring embedded WebApplicationContext
2019-05-04 13:49:04.537  INFO 1612 --- [main] o.s.web.context.ContextLoader            : Root WebApplicationContext: initialization completed in 1949 ms
2019-05-04 13:49:05.425  INFO 1612 --- [main] com.zaxxer.hikari.HikariDataSource       : HikariPool-1 - Starting...
2019-05-04 13:49:06.004  INFO 1612 --- [main] com.zaxxer.hikari.HikariDataSource       : HikariPool-1 - Start completed.
2019-05-04 13:49:06.061  INFO 1612 --- [main] org.quartz.impl.StdSchedulerFactory      : Using default implementation for ThreadExecutor
2019-05-04 13:49:06.079  INFO 1612 --- [main] org.quartz.core.SchedulerSignalerImpl    : Initialized Scheduler Signaller of type: class org.quartz.core.SchedulerSignalerImpl
2019-05-04 13:49:06.079  INFO 1612 --- [main] org.quartz.core.QuartzScheduler          : Quartz Scheduler v.2.3.1 created.
2019-05-04 13:49:06.080  INFO 1612 --- [main] org.quartz.simpl.RAMJobStore             : RAMJobStore initialized.
2019-05-04 13:49:06.081  INFO 1612 --- [main] org.quartz.core.QuartzScheduler          : Scheduler meta-data: Quartz Scheduler (v2.3.1) 'quartzScheduler' with instanceId 'NON_CLUSTERED'
  Scheduler class: 'org.quartz.core.QuartzScheduler' - running locally.
  NOT STARTED.
  Currently in standby mode.
  Number of jobs executed: 0
  Using thread pool 'org.quartz.simpl.SimpleThreadPool' - with 10 threads.
  Using job-store 'org.quartz.simpl.RAMJobStore' - which does not support persistence. and is not clustered.

2019-05-04 13:49:06.082  INFO 1612 --- [main] org.quartz.impl.StdSchedulerFactory      : Quartz scheduler 'quartzScheduler' initialized from an externally provided properties instance.
2019-05-04 13:49:06.082  INFO 1612 --- [main] org.quartz.impl.StdSchedulerFactory      : Quartz scheduler version: 2.3.1
2019-05-04 13:49:06.083  INFO 1612 --- [main] org.quartz.core.QuartzScheduler          : JobFactory set to: org.springframework.scheduling.quartz.SpringBeanJobFactory@3901f6af
2019-05-04 13:49:06.888  INFO 1612 --- [main] o.s.s.quartz.SchedulerFactoryBean        : Starting Quartz Scheduler now
2019-05-04 13:49:06.888  INFO 1612 --- [main] org.quartz.core.QuartzScheduler          : Scheduler quartzScheduler_$_NON_CLUSTERED started.
2019-05-04 13:49:06.934  INFO 1612 --- [main] o.s.b.w.embedded.tomcat.TomcatWebServer  : Tomcat started on port(s): 8080 (http) with context path ''
2019-05-04 13:49:06.937  INFO 1612 --- [main] c.z.p.b.PetfamilyGeneralApplication      : Started PetfamilyGeneralApplication in 5.342 seconds (JVM running for 6.38)
2019-05-04 14:26:39.568  INFO 1612 --- [http-nio-8080-exec-1] o.a.c.c.C.[Tomcat].[localhost].[/]       : Initializing Spring DispatcherServlet 'dispatcherServlet'
2019-05-04 14:26:39.569  INFO 1612 --- [http-nio-8080-exec-1] o.s.web.servlet.DispatcherServlet        : Initializing Servlet 'dispatcherServlet'
2019-05-04 14:26:39.585  INFO 1612 --- [http-nio-8080-exec-1] o.s.web.servlet.DispatcherServlet        : Completed initialization in 15 ms
2019-05-04 14:26:39.605  WARN 1612 --- [http-nio-8080-exec-1] o.s.web.servlet.PageNotFound             : No mapping for GET /family/searchFamily
2019-05-04 14:26:50.814  INFO 1612 --- [http-nio-8080-exec-2] c.z.p.controller.PetFamilyController     : 查询经度为113.344978，纬度为23.155382 附近的家庭信息
2019-05-04 14:26:50.851 DEBUG 1612 --- [http-nio-8080-exec-2] c.z.p.dao.FamilyInfoMapper.selectAll     : ==>  Preparing: select family_info_id, family_address, family_name, family_lat, family_lng, family_detail, family_comment_star, user_id, family_phone, family_comment_count from family_info 
2019-05-04 14:26:50.877 DEBUG 1612 --- [http-nio-8080-exec-2] c.z.p.dao.FamilyInfoMapper.selectAll     : ==> Parameters: 
2019-05-04 14:26:50.907 DEBUG 1612 --- [http-nio-8080-exec-2] c.z.p.dao.FamilyInfoMapper.selectAll     : <==      Total: 4
2019-05-04 14:27:20.072  INFO 1612 --- [http-nio-8080-exec-4] c.z.p.controller.PetFamilyController     : 查询经度为113.324929，纬度为23.150565 附近的家庭信息
2019-05-04 14:27:20.122 DEBUG 1612 --- [http-nio-8080-exec-4] c.z.p.dao.FamilyInfoMapper.selectAll     : ==>  Preparing: select family_info_id, family_address, family_name, family_lat, family_lng, family_detail, family_comment_star, user_id, family_phone, family_comment_count from family_info 
2019-05-04 14:27:20.123 DEBUG 1612 --- [http-nio-8080-exec-4] c.z.p.dao.FamilyInfoMapper.selectAll     : ==> Parameters: 
2019-05-04 14:27:20.139 DEBUG 1612 --- [http-nio-8080-exec-4] c.z.p.dao.FamilyInfoMapper.selectAll     : <==      Total: 4
2019-05-04 14:27:58.639  INFO 1612 --- [Thread-14] org.quartz.core.QuartzScheduler          : Scheduler quartzScheduler_$_NON_CLUSTERED paused.
2019-05-04 14:27:58.641  INFO 1612 --- [Thread-14] o.s.s.quartz.SchedulerFactoryBean        : Shutting down Quartz Scheduler
2019-05-04 14:27:58.642  INFO 1612 --- [Thread-14] org.quartz.core.QuartzScheduler          : Scheduler quartzScheduler_$_NON_CLUSTERED shutting down.
2019-05-04 14:27:58.642  INFO 1612 --- [Thread-14] org.quartz.core.QuartzScheduler          : Scheduler quartzScheduler_$_NON_CLUSTERED paused.
2019-05-04 14:27:58.642  INFO 1612 --- [Thread-14] org.quartz.core.QuartzScheduler          : Scheduler quartzScheduler_$_NON_CLUSTERED shutdown complete.
2019-05-04 14:27:58.667  INFO 1612 --- [Thread-14] com.zaxxer.hikari.HikariDataSource       : HikariPool-1 - Shutdown initiated...
2019-05-04 14:27:58.671  INFO 1612 --- [Thread-14] com.zaxxer.hikari.HikariDataSource       : HikariPool-1 - Shutdown completed.
